<?xml version="1.0" encoding="UTF-8"?>
<testsuite name="com.training.personalaccountservice.PAServicePreferenceTest" tests="8" skipped="0" failures="0" errors="0" timestamp="2021-12-17T13:52:23" hostname="LAPTOP-O4QK4Q99" time="9.931">
  <properties/>
  <testcase name="addToPreference_addingThreeValue_returnLast" classname="com.training.personalaccountservice.PAServicePreferenceTest" time="8.447"/>
  <testcase name="addToPreference_addingOneValue_returnSame" classname="com.training.personalaccountservice.PAServicePreferenceTest" time="0.198"/>
  <testcase name="addToPreference_addingSameValue_returnLast" classname="com.training.personalaccountservice.PAServicePreferenceTest" time="0.215"/>
  <testcase name="delete_addingNoneAndDeletingOne_returnIdZeroAndCount0" classname="com.training.personalaccountservice.PAServicePreferenceTest" time="0.207"/>
  <testcase name="addToPreference_returnDefault" classname="com.training.personalaccountservice.PAServicePreferenceTest" time="0.206"/>
  <testcase name="addToPreference_addingFiveValueWithTwoSameAtLast_returnLastAndCountFour" classname="com.training.personalaccountservice.PAServicePreferenceTest" time="0.307"/>
  <testcase name="delete_addingTwoAndDeletingOne_returnIdBeforeLastAndCount2" classname="com.training.personalaccountservice.PAServicePreferenceTest" time="0.133"/>
  <testcase name="addToPreference_addingFiveValueWithTwoSame_returnLastAndCountFour" classname="com.training.personalaccountservice.PAServicePreferenceTest" time="0.216"/>
  <system-out><![CDATA[Called loadFromPath(/system/framework/framework-res.apk, true); mode=binary sdk=28
resources.arsc in APK 'C:\Users\aksha\.m2\repository\org\robolectric\android-all-instrumented\9-robolectric-4913185-2-i1\android-all-instrumented-9-robolectric-4913185-2-i1.jar' is compressed.
]]></system-out>
  <system-err><![CDATA[]]></system-err>
</testsuite>
